<?xml version="1.0" encoding="UTF-8"?>
<!-- Generated by org.testng.reporters.JUnitReportReporter -->
<testsuite hostname="DESKTOP-PI0VSCE" failures="0" tests="1" name="TestCases.VerifySignup" time="15.059" errors="0" timestamp="2023-10-20T10:11:01 IST" skipped="0">
  <testcase classname="TestCases.VerifySignup" name="signup" time="15.059"/>
</testsuite> <!-- TestCases.VerifySignup -->
