<?xml version="1.0" encoding="UTF-8"?>
<!-- Generated by org.testng.reporters.JUnitReportReporter -->
<testsuite hostname="DESKTOP-PI0VSCE" failures="0" tests="1" name="TestCases.VerifyLogin" time="5.211" errors="0" timestamp="2023-10-20T10:11:01 IST" skipped="0">
  <testcase classname="TestCases.VerifyLogin" name="login" time="5.211"/>
</testsuite> <!-- TestCases.VerifyLogin -->
